timestamp: 2014-04-17T19:15:46.522000
CREATE TABLE message(
    id INTEGER PRIMARY KEY AUTOINCREMENT,
    your_name CHAR(512),
    your_email CHAR(512),
    your_message TEXT,
    timestamp CHAR(512)
);
success!
timestamp: 2014-04-17T19:15:46.642000
CREATE TABLE auth_user(
    id INTEGER PRIMARY KEY AUTOINCREMENT,
    first_name CHAR(128),
    last_name CHAR(128),
    email CHAR(128) UNIQUE,
    password CHAR(512),
    pic CHAR(512),
    contact CHAR(15) UNIQUE,
    notes CHAR(512),
    registration_key CHAR(512),
    reset_password_key CHAR(512),
    registration_id CHAR(512)
);
success!
timestamp: 2014-04-17T19:15:46.739000
CREATE TABLE task(
    id INTEGER PRIMARY KEY AUTOINCREMENT,
    tit CHAR(128),
    description CHAR(255),
    pending TIMESTAMP,
    done CHAR(1),
    authoris CHAR(512)
);
success!
timestamp: 2014-04-17T19:15:46.842000
CREATE TABLE note(
    id INTEGER PRIMARY KEY AUTOINCREMENT,
    cd TIMESTAMP,
    md TIMESTAMP,
    title CHAR(128) UNIQUE,
    description CHAR(255),
    val TEXT,
    tags CHAR(512),
    authoris CHAR(512),
    priority CHAR(512)
);
success!
timestamp: 2014-04-17T19:15:47.238000
CREATE TABLE tags(
    id INTEGER PRIMARY KEY AUTOINCREMENT,
    word CHAR(512),
    title CHAR(512),
    authoris CHAR(512)
);
success!
timestamp: 2014-04-17T19:15:47.799000
CREATE TABLE att(
    id INTEGER PRIMARY KEY AUTOINCREMENT,
    usr CHAR(512),
    title CHAR(512),
    nm CHAR(512),
    fil CHAR(512)
);
success!
timestamp: 2014-04-17T19:15:47.896000
CREATE TABLE auth_group(
    id INTEGER PRIMARY KEY AUTOINCREMENT,
    role CHAR(512),
    description TEXT
);
success!
timestamp: 2014-04-17T19:15:48.073000
CREATE TABLE auth_membership(
    id INTEGER PRIMARY KEY AUTOINCREMENT,
    user_id INTEGER REFERENCES auth_user (id) ON DELETE CASCADE,
    group_id INTEGER REFERENCES auth_group (id) ON DELETE CASCADE
);
success!
timestamp: 2014-04-17T19:15:48.173000
CREATE TABLE auth_permission(
    id INTEGER PRIMARY KEY AUTOINCREMENT,
    group_id INTEGER REFERENCES auth_group (id) ON DELETE CASCADE,
    name CHAR(512),
    table_name CHAR(512),
    record_id INTEGER
);
success!
timestamp: 2014-04-17T19:15:48.284000
CREATE TABLE auth_event(
    id INTEGER PRIMARY KEY AUTOINCREMENT,
    time_stamp TIMESTAMP,
    client_ip CHAR(512),
    user_id INTEGER REFERENCES auth_user (id) ON DELETE CASCADE,
    origin CHAR(512),
    description TEXT
);
success!
timestamp: 2014-04-17T19:15:48.518000
CREATE TABLE auth_cas(
    id INTEGER PRIMARY KEY AUTOINCREMENT,
    user_id INTEGER REFERENCES auth_user (id) ON DELETE CASCADE,
    created_on TIMESTAMP,
    service CHAR(512),
    ticket CHAR(512),
    renew CHAR(1)
);
success!
timestamp: 2014-04-17T19:15:48.896000
CREATE TABLE scheduler_task(
    id INTEGER PRIMARY KEY AUTOINCREMENT,
    application_name CHAR(512),
    task_name CHAR(512),
    group_name CHAR(512),
    status CHAR(512),
    function_name CHAR(512),
    uuid CHAR(255) UNIQUE,
    args TEXT,
    vars TEXT,
    enabled CHAR(1),
    start_time TIMESTAMP,
    next_run_time TIMESTAMP,
    stop_time TIMESTAMP,
    repeats INTEGER,
    retry_failed INTEGER,
    period INTEGER,
    prevent_drift CHAR(1),
    timeout INTEGER,
    sync_output INTEGER,
    times_run INTEGER,
    times_failed INTEGER,
    last_run_time TIMESTAMP,
    assigned_worker_name CHAR(512)
);
success!
timestamp: 2014-04-17T19:15:49.469000
CREATE TABLE scheduler_run(
    id INTEGER PRIMARY KEY AUTOINCREMENT,
    task_id INTEGER REFERENCES scheduler_task (id) ON DELETE CASCADE,
    status CHAR(512),
    start_time TIMESTAMP,
    stop_time TIMESTAMP,
    run_output TEXT,
    run_result TEXT,
    traceback TEXT,
    worker_name CHAR(512)
);
success!
timestamp: 2014-04-17T19:15:49.757000
CREATE TABLE scheduler_worker(
    id INTEGER PRIMARY KEY AUTOINCREMENT,
    worker_name CHAR(255) UNIQUE,
    first_heartbeat TIMESTAMP,
    last_heartbeat TIMESTAMP,
    status CHAR(512),
    is_ticker CHAR(1),
    group_names TEXT
);
success!
timestamp: 2014-04-17T19:15:50.020000
CREATE TABLE post(
    id INTEGER PRIMARY KEY AUTOINCREMENT,
    body TEXT,
    posted_on TIMESTAMP,
    posted_by INTEGER REFERENCES auth_user (id) ON DELETE CASCADE
);
success!
timestamp: 2014-04-17T19:15:50.140000
CREATE TABLE music(
    id INTEGER PRIMARY KEY AUTOINCREMENT,
    name CHAR(512),
    filename CHAR(512),
    is_active CHAR(1),
    created_on TIMESTAMP,
    created_by INTEGER REFERENCES auth_user (id) ON DELETE CASCADE,
    modified_on TIMESTAMP,
    modified_by INTEGER REFERENCES auth_user (id) ON DELETE CASCADE
);
success!
